<?xml version="1.0" encoding="UTF-8"?>
<testng-results skipped="0" failed="0" ignored="0" total="1" passed="1">
  <reporter-output>
  </reporter-output>
  <suite name="Suite1" duration-ms="315" started-at="2017-06-17T05:45:43Z" finished-at="2017-06-17T05:45:43Z">
    <groups>
    </groups>
    <test name="OMSAutomation Report" duration-ms="315" started-at="2017-06-17T05:45:43Z" finished-at="2017-06-17T05:45:43Z">
      <class name="chbasic.ui.Demo1">
        <test-method status="PASS" signature="aa()[pri:0, instance:chbasic.ui.Demo1@1d057a39]" name="aa" duration-ms="32" started-at="2017-06-17T11:15:43Z" finished-at="2017-06-17T11:15:43Z">
          <reporter-output>
          </reporter-output>
        </test-method> <!-- aa -->
      </class> <!-- chbasic.ui.Demo1 -->
    </test> <!-- OMSAutomation Report -->
  </suite> <!-- Suite1 -->
</testng-results>
